<?xml version="1.0" encoding="UTF-8"?>
<testsuite xmlns:xsi="http://www.w3.org/2001/XMLSchema-instance" xsi:noNamespaceSchemaLocation="https://maven.apache.org/surefire/maven-surefire-plugin/xsd/surefire-test-report.xsd" version="3.0.1" name="programmer.zaman.now.test.ConditionalTest" time="0.013" tests="10" errors="0" skipped="5" failures="0">
  <properties>
[...]
</properties>
  <testcase name="testEnabledRunJre" classname="programmer.zaman.now.test.ConditionalTest" time="0.0">
    <skipped message="Disabled on JRE version: 17.0.15"/>
  </testcase>
  <testcase name="testDisabledOnJavaVendor" classname="programmer.zaman.now.test.ConditionalTest" time="0.0">
    <skipped message="System property [java.vendor] with value [Oracle Corporation] matches regular expression [Oracle Corporation]"/>
  </testcase>
  <testcase name="testEnabledJava11To17" classname="programmer.zaman.now.test.ConditionalTest" time="0.001"/>
  <testcase name="testEnabledOnProfileDev" classname="programmer.zaman.now.test.ConditionalTest" time="0.0">
    <skipped message="Environment variable [PROFILE] does not exist"/>
  </testcase>
  <testcase name="testEnabledOnJavaVendor" classname="programmer.zaman.now.test.ConditionalTest" time="0.001"/>
  <testcase name="testDisabledJre" classname="programmer.zaman.now.test.ConditionalTest" time="0.001"/>
  <testcase name="testDisabledJava11To17" classname="programmer.zaman.now.test.ConditionalTest" time="0.0">
    <skipped message="Disabled on JRE version: 17.0.15"/>
  </testcase>
  <testcase name="testDisabledOnlyWindows" classname="programmer.zaman.now.test.ConditionalTest" time="0.0"/>
  <testcase name="testEnabledOnlyWindows" classname="programmer.zaman.now.test.ConditionalTest" time="0.0">
    <skipped message="Disabled on operating system: Mac OS X"/>
  </testcase>
  <testcase name="testDisabledOnProfileDev" classname="programmer.zaman.now.test.ConditionalTest" time="0.002"/>
</testsuite>